<?xml version="1.0" encoding="UTF-8"?>
<testng-results ignored="0" total="1" passed="1" failed="0" skipped="0">
  <reporter-output>
  </reporter-output>
  <suite started-at="2023-05-12T06:05:59 PDT" name="Default suite" finished-at="2023-05-12T06:06:39 PDT" duration-ms="39785">
    <groups>
    </groups>
    <test started-at="2023-05-12T06:05:59 PDT" name="Default test" finished-at="2023-05-12T06:06:39 PDT" duration-ms="39785">
      <class name="TestCases.TestFinalUserLogin">
        <test-method is-config="true" signature="connect()[pri:0, instance:TestCases.TestFinalUserLogin@47e2e487]" started-at="2023-05-12T06:05:59 PDT" name="connect" finished-at="2023-05-12T06:06:08 PDT" duration-ms="8361" status="PASS">
          <reporter-output>
          </reporter-output>
        </test-method> <!-- connect -->
        <test-method signature="HomePageSearch()[pri:1, instance:TestCases.TestFinalUserLogin@47e2e487]" started-at="2023-05-12T06:06:08 PDT" name="HomePageSearch" finished-at="2023-05-12T06:06:37 PDT" duration-ms="29739" status="PASS">
          <reporter-output>
          </reporter-output>
        </test-method> <!-- HomePageSearch -->
        <test-method is-config="true" signature="tearDown()[pri:0, instance:TestCases.TestFinalUserLogin@47e2e487]" started-at="2023-05-12T06:06:37 PDT" name="tearDown" finished-at="2023-05-12T06:06:39 PDT" duration-ms="1612" status="PASS">
          <reporter-output>
          </reporter-output>
        </test-method> <!-- tearDown -->
      </class> <!-- TestCases.TestFinalUserLogin -->
    </test> <!-- Default test -->
  </suite> <!-- Default suite -->
</testng-results>
